[0m[[0mdebug[0m] [0mRunning TaskDef(adpro.LensesSpec, org.scalatest.tools.Framework$$anon$1@22951bf3, false, [SuiteSelector])[0m
[0m[[0minfo[0m] [0mScalaCheck[0m
[0m[[0minfo[0m] [0mPassed: Total 0, Failed 0, Errors 0, Passed 0[0m
[0m[[0minfo[0m] [0mScalaTest[0m
[0m[[0minfo[0m] [0m[36mRun completed in 354 milliseconds.[0m[0m
[0m[[0minfo[0m] [0m[36mTotal number of tests run: 6[0m[0m
[0m[[0minfo[0m] [0m[36mSuites: completed 1, aborted 0[0m[0m
[0m[[0minfo[0m] [0m[36mTests: succeeded 5, failed 1, canceled 0, ignored 0, pending 0[0m[0m
[0m[[0minfo[0m] [0m[31m*** 1 TEST FAILED ***[0m[0m
[0m[[31merror[0m] [0mFailed: Total 6, Failed 1, Errors 0, Passed 5[0m
[0m[[31merror[0m] [0mFailed tests:[0m
[0m[[31merror[0m] [0m	adpro.LensesSpec[0m
[0m[[31merror[0m] [0m(test:[31mtest[0m) sbt.TestsFailedException: Tests unsuccessful[0m
