<?xml version='1.0' encoding='UTF-8'?>
<testsuite hostname="niels-ThinkPad-X1-Carbon-3rd" name="fpinscala.laziness.StreamSpecWasowski" tests="13" errors="0" failures="0" time="0.407">
                     <properties>
[...]
</properties>
                     <testcase classname="fpinscala.laziness.StreamSpecWasowski" name="headOption should return None on an empty Stream (01)" time="0.018">
                                                 
                                               </testcase><testcase classname="fpinscala.laziness.StreamSpecWasowski" name="headOption should return the head of the stream packaged in Some (02)" time="0.144">
                                                 
                                               </testcase><testcase classname="fpinscala.laziness.StreamSpecWasowski" name="headOption should not evaluate the tail of the stream" time="0.0">
                                                 
                                               </testcase><testcase classname="fpinscala.laziness.StreamSpecWasowski" name="take should not evaluate neither head nor tail" time="0.001">
                                                 
                                               </testcase><testcase classname="fpinscala.laziness.StreamSpecWasowski" name="take should not evaluate further than the n+1st head" time="0.001">
                                                 
                                               </testcase><testcase classname="fpinscala.laziness.StreamSpecWasowski" name="take(n)" time="0.045">
                                                 
                                               </testcase><testcase classname="fpinscala.laziness.StreamSpecWasowski" name="drop(n+m)" time="0.079">
                                                 
                                               </testcase><testcase classname="fpinscala.laziness.StreamSpecWasowski" name="drop should not force any of the dropped elements' heads" time="0.007">
                                                 
                                               </testcase><testcase classname="fpinscala.laziness.StreamSpecWasowski" name="drop should not force heads during drop, even when forcing tail" time="0.004">
                                                 
                                               </testcase><testcase classname="fpinscala.laziness.StreamSpecWasowski" name="map should return the same map when supplied with the id function" time="0.057">
                                                 
                                               </testcase><testcase classname="fpinscala.laziness.StreamSpecWasowski" name="map should terminate on infinite streams" time="0.002">
                                                 
                                               </testcase><testcase classname="fpinscala.laziness.StreamSpecWasowski" name="append should append two streams" time="0.008">
                                                 
                                               </testcase><testcase classname="fpinscala.laziness.StreamSpecWasowski" name="append should return the same stream when appended with the empty stream" time="0.041">
                                                 
                                               </testcase>
                     <system-out></system-out>
                     <system-err></system-err>
                   </testsuite>